This is pdfTeX, Version 3.141592653-2.6-1.40.27 (TeX Live 2025) (preloaded format=pdflatex 2025.4.10)  10 APR 2025 15:46
entering extended mode
 restricted \write18 enabled.
 %&-line parsing enabled.
**_titlepage.tex
(./_titlepage.tex
LaTeX2e <2024-11-01> patch level 2
L3 programming layer <2025-03-26>

! LaTeX Error: Missing \begin{document}.

See the LaTeX manual or LaTeX Companion for explanation.
Type  H <return>  for immediate help.
 ...                                              
                                                  
l.15 \begin{center}
                   
You're in trouble here.  Try typing  <return>  to proceed.
If that doesn't work, type  X <return>  to quit.


Overfull \hbox (20.0pt too wide) in paragraph at lines 15--15
[] 
 []

! Undefined control sequence.
l.18     \Huge
              
The control sequence at the end of the top line
of your error message was never \def'ed. If you have
misspelled it (e.g., `\hobx'), type `I' and the correct
spelling (e.g., `I\hbox'). Otherwise just continue,
and I'll forget about whatever was undefined.


Overfull \hbox (18.70131pt too wide) in paragraph at lines 19--20
 \OT1/cmr/bx/n/10 Are 
 []


Overfull \hbox (19.16656pt too wide) in paragraph at lines 19--20
 \OT1/cmr/bx/n/10 bio- 
 []


Overfull \hbox (23.5429pt too wide) in paragraph at lines 19--20
 \OT1/cmr/bx/n/10 plas- 
 []


Overfull \hbox (17.31378pt too wide) in paragraph at lines 19--20
 \OT1/cmr/bx/n/10 tics 
 []


Overfull \hbox (5.59023pt too wide) in paragraph at lines 19--20
 \OT1/cmr/bx/n/10 a 
 []


Overfull \hbox (14.11935pt too wide) in paragraph at lines 19--20
 \OT1/cmr/bx/n/10 so- 
 []


Overfull \hbox (13.4166pt too wide) in paragraph at lines 19--20
 \OT1/cmr/bx/n/10 lu- 
 []


Overfull \hbox (19.80545pt too wide) in paragraph at lines 19--20
 \OT1/cmr/bx/n/10 tion 
 []


Overfull \hbox (10.22217pt too wide) in paragraph at lines 19--20
 \OT1/cmr/bx/n/10 to 
 []


Overfull \hbox (23.5429pt too wide) in paragraph at lines 19--20
 \OT1/cmr/bx/n/10 plas- 
 []


Overfull \hbox (12.77771pt too wide) in paragraph at lines 19--20
 \OT1/cmr/bx/n/10 tic 
 []


Overfull \hbox (19.48601pt too wide) in paragraph at lines 19--20
 \OT1/cmr/bx/n/10 pol- 
 []


Overfull \hbox (13.4166pt too wide) in paragraph at lines 19--20
 \OT1/cmr/bx/n/10 lu- 
 []


Overfull \hbox (19.80545pt too wide) in paragraph at lines 19--20
 \OT1/cmr/bx/n/10 tion 
 []


Overfull \hbox (9.58328pt too wide) in paragraph at lines 19--20
 \OT1/cmr/bx/n/10 in 
 []


Overfull \hbox (16.13187pt too wide) in paragraph at lines 19--20
 \OT1/cmr/bx/n/10 the 
 []


Overfull \hbox (33.86092pt too wide) in paragraph at lines 19--20
 \OT1/cmr/bx/n/10 ocean? 
 []

! Undefined control sequence.
l.22     \LARGE
               
The control sequence at the end of the top line
of your error message was never \def'ed. If you have
misspelled it (e.g., `\hobx'), type `I' and the correct
spelling (e.g., `I\hbox'). Otherwise just continue,
and I'll forget about whatever was undefined.

Missing character: There is no A in font nullfont!
Missing character: There is no n in font nullfont!
Missing character: There is no e in font nullfont!
Missing character: There is no x in font nullfont!
Missing character: There is no p in font nullfont!
Missing character: There is no e in font nullfont!
Missing character: There is no r in font nullfont!
Missing character: There is no i in font nullfont!
Missing character: There is no m in font nullfont!
Missing character: There is no e in font nullfont!
Missing character: There is no n in font nullfont!
Missing character: There is no t in font nullfont!
Missing character: There is no a in font nullfont!
Missing character: There is no l in font nullfont!
Missing character: There is no a in font nullfont!
Missing character: There is no p in font nullfont!
Missing character: There is no p in font nullfont!
Missing character: There is no r in font nullfont!
Missing character: There is no o in font nullfont!
Missing character: There is no a in font nullfont!
Missing character: There is no c in font nullfont!
Missing character: There is no h in font nullfont!
Missing character: There is no t in font nullfont!
Missing character: There is no o in font nullfont!
Missing character: There is no t in font nullfont!
Missing character: There is no h in font nullfont!
Missing character: There is no e in font nullfont!
Missing character: There is no p in font nullfont!
Missing character: There is no o in font nullfont!
Missing character: There is no t in font nullfont!
Missing character: There is no e in font nullfont!
Missing character: There is no n in font nullfont!
Missing character: There is no t in font nullfont!
Missing character: There is no i in font nullfont!
Missing character: There is no a in font nullfont!
Missing character: There is no l in font nullfont!
Missing character: There is no b in font nullfont!
Missing character: There is no i in font nullfont!
Missing character: There is no o in font nullfont!
Missing character: There is no d in font nullfont!
Missing character: There is no e in font nullfont!
Missing character: There is no g in font nullfont!
Missing character: There is no r in font nullfont!
Missing character: There is no a in font nullfont!
Missing character: There is no d in font nullfont!
Missing character: There is no a in font nullfont!
Missing character: There is no b in font nullfont!
Missing character: There is no i in font nullfont!
Missing character: There is no l in font nullfont!
Missing character: There is no i in font nullfont!
Missing character: There is no t in font nullfont!
Missing character: There is no y in font nullfont!
Missing character: There is no o in font nullfont!
Missing character: There is no f in font nullfont!
Missing character: There is no c in font nullfont!
Missing character: There is no o in font nullfont!
Missing character: There is no m in font nullfont!
Missing character: There is no p in font nullfont!
Missing character: There is no o in font nullfont!
Missing character: There is no s in font nullfont!
Missing character: There is no t in font nullfont!
Missing character: There is no a in font nullfont!
Missing character: There is no b in font nullfont!
Missing character: There is no l in font nullfont!
Missing character: There is no e in font nullfont!
Missing character: There is no p in font nullfont!
Missing character: There is no l in font nullfont!
Missing character: There is no a in font nullfont!
Missing character: There is no s in font nullfont!
Missing character: There is no t in font nullfont!
Missing character: There is no i in font nullfont!
Missing character: There is no c in font nullfont!
Missing character: There is no b in font nullfont!
Missing character: There is no a in font nullfont!
Missing character: There is no g in font nullfont!
Missing character: There is no s in font nullfont!
Missing character: There is no i in font nullfont!
Missing character: There is no n in font nullfont!
Missing character: There is no f in font nullfont!
Missing character: There is no r in font nullfont!
Missing character: There is no e in font nullfont!
Missing character: There is no s in font nullfont!
Missing character: There is no h in font nullfont!
Missing character: There is no w in font nullfont!
Missing character: There is no a in font nullfont!
Missing character: There is no t in font nullfont!
Missing character: There is no e in font nullfont!
Missing character: There is no r in font nullfont!
Missing character: There is no a in font nullfont!
Missing character: There is no n in font nullfont!
Missing character: There is no d in font nullfont!
Missing character: There is no s in font nullfont!
Missing character: There is no a in font nullfont!
Missing character: There is no l in font nullfont!
Missing character: There is no t in font nullfont!
Missing character: There is no w in font nullfont!
Missing character: There is no a in font nullfont!
Missing character: There is no t in font nullfont!
Missing character: There is no e in font nullfont!
Missing character: There is no r in font nullfont!
Missing character: There is no b in font nullfont!
Missing character: There is no e in font nullfont!
Missing character: There is no a in font nullfont!
Missing character: There is no c in font nullfont!
Missing character: There is no h in font nullfont!
Missing character: There is no e in font nullfont!
Missing character: There is no n in font nullfont!
Missing character: There is no v in font nullfont!
Missing character: There is no i in font nullfont!
Missing character: There is no r in font nullfont!
Missing character: There is no o in font nullfont!
Missing character: There is no n in font nullfont!
Missing character: There is no m in font nullfont!
Missing character: There is no e in font nullfont!
Missing character: There is no n in font nullfont!
Missing character: There is no t in font nullfont!
Missing character: There is no s in font nullfont!

Overfull \hbox (23.3332pt too wide) in paragraph at lines 26--27
 []\OT1/cmr/bx/n/10 Vera 
 []


Overfull \hbox (38.59007pt too wide) in paragraph at lines 26--27
 \OT1/cmr/bx/n/10 G^^Somez- 
 []


Overfull \hbox (31.83316pt too wide) in paragraph at lines 26--27
 \OT1/cmr/bx/n/10 Lim^^Son 
 []


Overfull \hbox (21.65958pt too wide) in paragraph at lines 26--27
 \OT1/cmr/bx/n/10 Gal- 
 []


Overfull \hbox (25.65958pt too wide) in paragraph at lines 26--27
 \OT1/cmr/bx/n/10 lardo 
 []


Overfull \hbox (45.36078pt too wide) in paragraph at lines 29--29
 []\OT1/cmr/m/it/10 Supervised 
 []


Overfull \hbox (13.10406pt too wide) in paragraph at lines 29--29
 \OT1/cmr/m/it/10 by: 
 []


Overfull \hbox (21.50127pt too wide) in paragraph at lines 30--30
 []\OT1/cmr/bx/n/10 Jos^^Se 
 []


Overfull \hbox (30.18733pt too wide) in paragraph at lines 30--30
 \OT1/cmr/bx/n/10 Mario 
 []


Overfull \hbox (45.45807pt too wide) in paragraph at lines 30--30
 \OT1/cmr/bx/n/10 Gonz^^Salez 
 []


Overfull \hbox (16.96516pt too wide) in paragraph at lines 30--30
 \OT1/cmr/bx/n/10 Pa- 
 []


Overfull \hbox (27.31236pt too wide) in paragraph at lines 30--30
 \OT1/cmr/bx/n/10 juelo, 
 []


Overfull \hbox (29.45818pt too wide) in paragraph at lines 30--30
 \OT1/cmr/bx/n/10 Ph.D. 
 []


Overfull \hbox (34.05533pt too wide) in paragraph at lines 30--31
 []\OT1/cmr/bx/n/10 Blanca 
 []


Overfull \hbox (27.34706pt too wide) in paragraph at lines 30--31
 \OT1/cmr/bx/n/10 Beat- 
 []


Overfull \hbox (13.04161pt too wide) in paragraph at lines 30--31
 \OT1/cmr/bx/n/10 riz 
 []


Overfull \hbox (30.87479pt too wide) in paragraph at lines 30--31
 \OT1/cmr/bx/n/10 Landa 
 []


Overfull \hbox (17.28464pt too wide) in paragraph at lines 30--31
 \OT1/cmr/bx/n/10 Del 
 []


Overfull \hbox (41.43169pt too wide) in paragraph at lines 30--31
 \OT1/cmr/bx/n/10 Castillo, 
 []


Overfull \hbox (29.45818pt too wide) in paragraph at lines 30--31
 \OT1/cmr/bx/n/10 Ph.D. 
 []

Missing character: There is no D in font nullfont!
Missing character: There is no e in font nullfont!
Missing character: There is no g in font nullfont!
Missing character: There is no r in font nullfont!
Missing character: There is no e in font nullfont!
Missing character: There is no e in font nullfont!
Missing character: There is no i in font nullfont!
Missing character: There is no n in font nullfont!
Missing character: There is no M in font nullfont!
Missing character: There is no a in font nullfont!
Missing character: There is no r in font nullfont!
Missing character: There is no i in font nullfont!
Missing character: There is no n in font nullfont!
Missing character: There is no e in font nullfont!
Missing character: There is no S in font nullfont!
Missing character: There is no c in font nullfont!
Missing character: There is no i in font nullfont!
Missing character: There is no e in font nullfont!
Missing character: There is no n in font nullfont!
Missing character: There is no c in font nullfont!
Missing character: There is no e in font nullfont!
Missing character: There is no s in font nullfont!
Missing character: There is no B in font nullfont!
Missing character: There is no a in font nullfont!
Missing character: There is no c in font nullfont!
Missing character: There is no h in font nullfont!
Missing character: There is no e in font nullfont!
Missing character: There is no l in font nullfont!
Missing character: There is no o in font nullfont!
Missing character: There is no r in font nullfont!
Missing character: There is no T in font nullfont!
Missing character: There is no h in font nullfont!
Missing character: There is no e in font nullfont!
Missing character: There is no s in font nullfont!
Missing character: There is no i in font nullfont!
Missing character: There is no s in font nullfont!
! Undefined control sequence.
l.38     \includegraphics
                         [width=0.8\textwidth]{titlepage/logo.png}
The control sequence at the end of the top line
of your error message was never \def'ed. If you have
misspelled it (e.g., `\hobx'), type `I' and the correct
spelling (e.g., `I\hbox'). Otherwise just continue,
and I'll forget about whatever was undefined.

Missing character: There is no [ in font nullfont!
Missing character: There is no w in font nullfont!
Missing character: There is no i in font nullfont!
Missing character: There is no d in font nullfont!
Missing character: There is no t in font nullfont!
Missing character: There is no h in font nullfont!
Missing character: There is no = in font nullfont!
Missing character: There is no 0 in font nullfont!
Missing character: There is no . in font nullfont!
Missing character: There is no 8 in font nullfont!
! Missing number, treated as zero.
<to be read again> 
                   ]
l.38     \includegraphics[width=0.8\textwidth]
                                              {titlepage/logo.png}
A number should have been here; I inserted `0'.
(If you can't figure out why I needed to see a number,
look up `weird error' in the index to The TeXbook.)

! Illegal unit of measure (pt inserted).
<to be read again> 
                   ]
l.38     \includegraphics[width=0.8\textwidth]
                                              {titlepage/logo.png}
Dimensions can be in units of em, ex, in, pt, pc,
cm, mm, dd, cc, nd, nc, bp, or sp; but yours is a new one!
I'll assume that you meant to say pt, for printer's points.
To recover gracefully from this error, it's best to
delete the erroneous units; e.g., type `2' to delete
two letters. (See Chapter 27 of The TeXbook.)

Missing character: There is no ] in font nullfont!
Missing character: There is no t in font nullfont!
Missing character: There is no i in font nullfont!
Missing character: There is no t in font nullfont!
Missing character: There is no l in font nullfont!
Missing character: There is no e in font nullfont!
Missing character: There is no p in font nullfont!
Missing character: There is no a in font nullfont!
Missing character: There is no g in font nullfont!
Missing character: There is no e in font nullfont!
Missing character: There is no / in font nullfont!
Missing character: There is no l in font nullfont!
Missing character: There is no o in font nullfont!
Missing character: There is no g in font nullfont!
Missing character: There is no o in font nullfont!
Missing character: There is no . in font nullfont!
Missing character: There is no p in font nullfont!
Missing character: There is no n in font nullfont!
Missing character: There is no g in font nullfont!
! Undefined control sequence.
l.40     \Large
               
The control sequence at the end of the top line
of your error message was never \def'ed. If you have
misspelled it (e.g., `\hobx'), type `I' and the correct
spelling (e.g., `I\hbox'). Otherwise just continue,
and I'll forget about whatever was undefined.

Missing character: There is no U in font nullfont!
Missing character: There is no n in font nullfont!
Missing character: There is no i in font nullfont!
Missing character: There is no v in font nullfont!
Missing character: There is no e in font nullfont!
Missing character: There is no r in font nullfont!
Missing character: There is no s in font nullfont!
Missing character: There is no i in font nullfont!
Missing character: There is no t in font nullfont!
Missing character: There is no y in font nullfont!
Missing character: There is no o in font nullfont!
Missing character: There is no f in font nullfont!
Missing character: There is no L in font nullfont!
Missing character: There is no a in font nullfont!
Missing character: There is no s in font nullfont!
Missing character: There is no P in font nullfont!
Missing character: There is no a in font nullfont!
Missing character: There is no l in font nullfont!
Missing character: There is no m in font nullfont!
Missing character: There is no a in font nullfont!
Missing character: There is no s in font nullfont!
Missing character: There is no d in font nullfont!
Missing character: There is no e in font nullfont!
Missing character: There is no G in font nullfont!
Missing character: There is no r in font nullfont!
Missing character: There is no a in font nullfont!
Missing character: There is no n in font nullfont!
Missing character: There is no C in font nullfont!
Missing character: There is no a in font nullfont!
Missing character: There is no n in font nullfont!
Missing character: There is no a in font nullfont!
Missing character: There is no r in font nullfont!
Missing character: There is no i in font nullfont!
Missing character: There is no a in font nullfont!
Missing character: There is no C in font nullfont!
Missing character: There is no o in font nullfont!
Missing character: There is no u in font nullfont!
Missing character: There is no r in font nullfont!
Missing character: There is no s in font nullfont!
Missing character: There is no e in font nullfont!
Missing character: There is no 2 in font nullfont!
Missing character: There is no 0 in font nullfont!
Missing character: There is no 2 in font nullfont!
Missing character: There is no 4 in font nullfont!
Missing character: There is no / in font nullfont!
Missing character: There is no 2 in font nullfont!
Missing character: There is no 0 in font nullfont!
Missing character: There is no 2 in font nullfont!
Missing character: There is no 5 in font nullfont!
)
! Emergency stop.
<*> _titlepage.tex
                  
*** (job aborted, no legal \end found)

 
Here is how much of TeX's memory you used:
 25 strings out of 471546
 487 string characters out of 5518992
 425118 words of memory out of 5000000
 26698 multiletter control sequences out of 15000+600000
 627479 words of font info for 42 fonts, out of 8000000 for 9000
 36 hyphenation exceptions out of 8191
 19i,1n,21p,187b,123s stack positions out of 10000i,1000n,20000p,200000b,200000s
!  ==> Fatal error occurred, no output PDF file produced!
